SF:lib/src/parser.dart
DA:19,1
DA:21,2
DA:22,2
DA:24,1
DA:25,2
DA:26,2
DA:27,1
DA:28,2
DA:29,3
DA:30,2
DA:33,0
DA:37,1
DA:38,2
DA:45,3
DA:51,1
DA:52,4
DA:58,1
DA:59,1
DA:60,2
DA:61,1
DA:115,3
DA:116,3
DA:117,1
DA:122,1
DA:123,5
DA:129,1
DA:130,1
DA:131,2
DA:132,2
DA:139,1
DA:148,0
DA:149,0
DA:150,0
DA:151,0
DA:154,0
DA:155,0
DA:156,0
DA:162,3
DA:163,3
DA:164,3
DA:165,3
DA:167,2
DA:168,2
DA:183,1
DA:184,3
DA:186,1
DA:187,1
DA:188,2
DA:189,1
DA:190,2
DA:192,2
DA:193,2
DA:196,1
DA:206,1
DA:207,2
DA:208,1
DA:209,1
DA:215,0
DA:216,0
DA:217,0
DA:223,1
DA:224,3
DA:229,3
DA:235,1
DA:236,3
DA:237,3
DA:239,1
DA:240,3
DA:241,1
DA:242,2
DA:243,1
DA:244,2
DA:246,2
LF:73
LH:62
end_of_record
SF:lib/src/trait.dart
DA:35,3
DA:41,3
DA:46,2
DA:48,1
DA:63,1
DA:64,4
DA:72,1
DA:73,3
DA:78,2
DA:80,1
DA:82,1
DA:84,1
DA:86,1
DA:89,2
DA:90,2
DA:91,1
DA:98,1
DA:99,1
DA:101,1
DA:102,2
DA:103,5
DA:104,0
DA:105,0
DA:106,1
DA:108,1
DA:109,1
DA:127,1
DA:128,1
DA:130,1
DA:132,2
DA:133,5
DA:134,2
DA:135,1
DA:136,2
DA:137,1
DA:139,1
DA:141,1
DA:147,2
DA:148,1
DA:149,1
DA:150,1
DA:151,1
DA:152,1
DA:153,1
DA:154,1
DA:155,1
DA:156,1
DA:157,1
DA:158,1
DA:165,1
DA:166,1
DA:167,4
DA:168,1
DA:207,1
DA:208,1
DA:214,1
DA:215,5
DA:220,1
DA:222,2
DA:223,8
DA:225,11
DA:228,1
DA:229,1
DA:230,1
DA:231,2
DA:232,5
DA:237,1
DA:238,1
DA:239,1
DA:240,3
DA:244,1
DA:245,1
DA:246,3
DA:247,1
DA:250,1
DA:253,1
DA:254,1
DA:255,2
DA:260,3
DA:268,1
DA:269,1
DA:271,1
DA:274,1
DA:275,2
DA:276,3
DA:279,1
DA:280,2
DA:281,1
DA:282,1
DA:284,3
DA:285,4
DA:288,1
DA:289,5
DA:291,1
DA:294,3
LF:95
LH:93
end_of_record
SF:lib/src/util/die_roll.dart
DA:11,1
DA:12,2
DA:13,2
DA:16,1
DA:19,1
DA:23,5
DA:24,1
DA:26,1
DA:27,1
DA:28,1
DA:29,1
DA:33,1
DA:34,2
DA:48,0
DA:50,0
DA:53,0
DA:54,0
DA:55,0
DA:59,0
DA:60,0
DA:61,0
DA:64,0
DA:84,1
DA:85,1
DA:86,0
DA:87,0
DA:88,0
DA:90,2
DA:91,0
DA:93,1
DA:96,2
DA:98,2
DA:100,0
DA:101,0
DA:102,0
DA:103,0
DA:105,0
DA:106,0
DA:107,0
DA:108,0
DA:110,0
DA:111,0
DA:113,0
DA:114,0
DA:116,1
DA:118,2
DA:119,2
DA:122,5
DA:125,1
DA:127,7
DA:129,0
DA:130,0
LF:52
LH:25
end_of_record
SF:lib/src/util/exceptions.dart
DA:4,1
DA:10,1
DA:11,1
DA:19,0
DA:21,0
DA:23,0
DA:25,0
DA:26,0
DA:30,0
DA:33,0
DA:37,0
DA:40,0
LF:12
LH:3
end_of_record
SF:lib/src/template.dart
DA:10,2
DA:11,1
DA:12,1
DA:13,1
DA:14,1
DA:15,1
DA:18,1
DA:20,4
DA:22,1
DA:23,3
DA:53,1
DA:66,1
DA:67,1
DA:68,1
DA:69,1
DA:71,2
DA:73,1
DA:74,2
DA:75,2
DA:76,1
DA:81,2
DA:82,1
DA:84,1
DA:86,2
DA:87,1
DA:89,2
DA:90,2
DA:92,1
DA:94,1
DA:102,1
DA:103,3
DA:109,2
DA:110,5
DA:112,1
DA:113,1
DA:114,1
DA:115,1
DA:116,2
DA:117,1
DA:118,1
DA:120,1
DA:121,3
DA:122,1
DA:131,1
DA:133,1
DA:136,1
DA:137,3
DA:138,3
DA:139,3
DA:142,0
DA:143,0
DA:145,1
DA:147,5
DA:149,3
DA:152,1
DA:153,4
DA:161,1
DA:166,1
DA:172,1
DA:174,2
DA:177,1
DA:180,2
DA:183,1
DA:186,2
DA:187,1
DA:189,2
DA:194,1
DA:197,1
DA:198,2
DA:200,1
DA:201,1
DA:202,2
DA:204,1
DA:206,1
DA:207,3
DA:208,1
LF:76
LH:74
end_of_record
SF:lib/src/util/util.dart
DA:7,1
DA:9,6
DA:12,3
DA:13,3
DA:21,2
DA:22,1
DA:23,1
DA:24,1
DA:25,3
DA:30,1
DA:31,4
DA:36,1
DA:37,3
LF:13
LH:13
end_of_record
