SF:lib/src/parser.dart
DA:16,2
DA:17,2
DA:19,1
DA:20,2
DA:21,2
DA:22,1
DA:23,2
DA:24,3
DA:25,2
DA:28,0
DA:32,1
DA:33,2
DA:38,3
DA:44,1
DA:45,4
DA:51,1
DA:52,4
DA:58,1
DA:108,1
DA:119,3
DA:120,3
DA:121,1
DA:126,1
DA:127,3
DA:133,1
DA:134,7
DA:139,2
DA:144,0
DA:145,0
DA:146,0
DA:147,0
DA:150,0
DA:151,0
DA:153,0
DA:159,3
DA:160,3
DA:161,3
DA:162,3
DA:164,2
DA:165,2
DA:180,1
DA:181,3
DA:183,1
DA:184,1
DA:185,2
DA:186,1
DA:187,2
DA:189,2
DA:190,2
DA:193,1
DA:203,1
DA:204,3
DA:205,0
DA:206,1
DA:211,3
DA:217,1
DA:218,3
DA:219,3
DA:221,1
DA:222,3
DA:223,1
DA:224,2
DA:225,1
DA:226,2
DA:228,2
LF:65
LH:56
end_of_record
SF:lib/src/trait.dart
DA:36,3
DA:42,3
DA:47,2
DA:49,1
DA:52,2
DA:66,1
DA:67,4
DA:75,1
DA:76,3
DA:81,2
DA:83,1
DA:85,1
DA:87,1
DA:89,1
DA:90,3
DA:98,4
DA:99,10
DA:100,2
DA:101,1
DA:102,2
DA:106,3
DA:108,1
DA:109,1
DA:111,1
DA:112,1
DA:114,1
DA:115,1
DA:133,1
DA:134,1
DA:136,1
DA:137,1
DA:139,1
DA:141,1
DA:143,3
DA:149,2
DA:150,1
DA:151,1
DA:152,1
DA:153,1
DA:154,1
DA:155,1
DA:156,1
DA:157,1
DA:158,1
DA:159,1
DA:160,1
DA:167,1
DA:168,1
DA:169,4
DA:170,1
DA:209,1
DA:210,1
DA:216,1
DA:217,5
DA:222,1
DA:223,3
DA:224,8
DA:225,11
DA:227,1
DA:228,1
DA:229,1
DA:230,2
DA:231,5
DA:236,1
DA:237,1
DA:238,1
DA:239,3
DA:243,1
DA:244,1
DA:245,3
DA:246,1
DA:249,1
DA:252,1
DA:253,1
DA:254,2
DA:264,3
DA:272,1
DA:273,1
DA:275,1
DA:278,1
DA:279,2
DA:280,3
DA:283,1
DA:284,2
DA:285,1
DA:286,1
DA:288,3
DA:289,4
DA:292,1
DA:293,5
DA:295,1
DA:298,3
LF:92
LH:92
end_of_record
SF:lib/src/util/exceptions.dart
DA:4,1
DA:10,1
DA:11,1
DA:19,0
DA:21,0
DA:23,0
DA:25,0
DA:26,0
DA:30,0
DA:33,0
DA:37,0
DA:40,0
LF:12
LH:3
end_of_record
SF:lib/src/template.dart
DA:13,2
DA:14,1
DA:15,1
DA:16,1
DA:17,1
DA:18,1
DA:21,1
DA:23,4
DA:25,1
DA:26,2
DA:59,1
DA:72,1
DA:73,1
DA:74,2
DA:76,2
DA:78,3
DA:79,2
DA:80,1
DA:85,2
DA:86,1
DA:88,1
DA:90,2
DA:91,1
DA:93,2
DA:94,2
DA:96,1
DA:98,1
DA:106,1
DA:107,3
DA:113,2
DA:114,5
DA:119,1
DA:120,1
DA:121,1
DA:122,1
DA:123,2
DA:124,1
DA:125,1
DA:127,1
DA:128,3
DA:129,1
DA:154,1
DA:156,1
DA:159,1
DA:160,3
DA:161,3
DA:162,3
DA:165,0
DA:166,0
DA:171,2
DA:172,1
DA:173,1
DA:174,2
DA:179,1
DA:180,4
DA:192,1
DA:197,1
DA:203,1
DA:206,3
DA:208,2
DA:209,1
DA:210,1
DA:211,1
DA:214,1
DA:215,1
DA:217,2
DA:220,1
DA:225,1
DA:226,1
DA:227,1
DA:228,2
DA:229,2
DA:230,1
DA:232,2
LF:74
LH:72
end_of_record
